-------------------------------------------------------------------------------
Test set: cn.com.scitc.SpringbootStudy2ApplicationTests
-------------------------------------------------------------------------------
Tests run: 1, Failures: 0, Errors: 1, Skipped: 0, Time elapsed: 0.591 s <<< FAILURE! - in cn.com.scitc.SpringbootStudy2ApplicationTests
contextLoads  Time elapsed: 0.001 s  <<< ERROR!
java.lang.IllegalStateException: Failed to load ApplicationContext
Caused by: org.yaml.snakeyaml.parser.ParserException: 
expected '<document start>', but found '<scalar>'
 in 'reader', line 5, column 1:
    spring.mail.properties.mail.smtp ... 
    ^


